{"C:\\Users\\Dhruv Patel\\Desktop\\GreenTrace\\api\\src\\index.js": {"path":"C:\\Users\\Dhruv Patel\\Desktop\\GreenTrace\\api\\src\\index.js","statementMap":{"0":{"start":{"line":3,"column":21},"end":{"line":3,"column":39}},"1":{"start":{"line":4,"column":21},"end":{"line":4,"column":36}},"2":{"start":{"line":5,"column":21},"end":{"line":5,"column":38}},"3":{"start":{"line":6,"column":21},"end":{"line":6,"column":38}},"4":{"start":{"line":7,"column":21},"end":{"line":7,"column":44}},"5":{"start":{"line":8,"column":21},"end":{"line":8,"column":57}},"6":{"start":{"line":9,"column":21},"end":{"line":9,"column":47}},"7":{"start":{"line":11,"column":12},"end":{"line":11,"column":21}},"8":{"start":{"line":14,"column":0},"end":{"line":14,"column":18}},"9":{"start":{"line":15,"column":0},"end":{"line":15,"column":16}},"10":{"start":{"line":16,"column":0},"end":{"line":16,"column":23}},"11":{"start":{"line":17,"column":0},"end":{"line":17,"column":24}},"12":{"start":{"line":20,"column":0},"end":{"line":20,"column":33}},"13":{"start":{"line":23,"column":0},"end":{"line":23,"column":22}},"14":{"start":{"line":25,"column":0},"end":{"line":27,"column":3}},"15":{"start":{"line":26,"column":2},"end":{"line":26,"column":60}},"16":{"start":{"line":29,"column":0},"end":{"line":29,"column":21}}},"fnMap":{"0":{"name":"(anonymous_0)","decl":{"start":{"line":25,"column":21},"end":{"line":25,"column":22}},"loc":{"start":{"line":25,"column":27},"end":{"line":27,"column":1}},"line":25}},"branchMap":{},"s":{"0":1,"1":1,"2":1,"3":1,"4":1,"5":1,"6":1,"7":1,"8":1,"9":1,"10":1,"11":1,"12":1,"13":1,"14":1,"15":1,"16":1},"f":{"0":1},"b":{},"_coverageSchema":"1a1c01bbd47fc00a2c39e90264f33305004495a9","hash":"50732d0ba49f86514f75056a3faa9652263eaf55"}
,"C:\\Users\\Dhruv Patel\\Desktop\\GreenTrace\\api\\src\\config\\env.js": {"path":"C:\\Users\\Dhruv Patel\\Desktop\\GreenTrace\\api\\src\\config\\env.js","statementMap":{"0":{"start":{"line":3,"column":0},"end":{"line":3,"column":46}},"1":{"start":{"line":5,"column":17},"end":{"line":12,"column":1}},"2":{"start":{"line":14,"column":0},"end":{"line":18,"column":1}},"3":{"start":{"line":15,"column":2},"end":{"line":17,"column":3}},"4":{"start":{"line":16,"column":4},"end":{"line":16,"column":69}},"5":{"start":{"line":20,"column":0},"end":{"line":28,"column":2}}},"fnMap":{},"branchMap":{"0":{"loc":{"start":{"line":15,"column":2},"end":{"line":17,"column":3}},"type":"if","locations":[{"start":{"line":15,"column":2},"end":{"line":17,"column":3}},{"start":{},"end":{}}],"line":15},"1":{"loc":{"start":{"line":27,"column":24},"end":{"line":27,"column":50}},"type":"binary-expr","locations":[{"start":{"line":27,"column":24},"end":{"line":27,"column":40}},{"start":{"line":27,"column":44},"end":{"line":27,"column":50}}],"line":27}},"s":{"0":1,"1":1,"2":1,"3":6,"4":0,"5":1},"f":{},"b":{"0":[0,6],"1":[1,1]},"_coverageSchema":"1a1c01bbd47fc00a2c39e90264f33305004495a9","hash":"ca77fd70ae3c53bed0647c69e73e7896c3723409"}
,"C:\\Users\\Dhruv Patel\\Desktop\\GreenTrace\\api\\src\\middleware\\errorHandler.js": {"path":"C:\\Users\\Dhruv Patel\\Desktop\\GreenTrace\\api\\src\\middleware\\errorHandler.js","statementMap":{"0":{"start":{"line":12,"column":18},"end":{"line":12,"column":53}},"1":{"start":{"line":13,"column":18},"end":{"line":13,"column":48}},"2":{"start":{"line":14,"column":18},"end":{"line":14,"column":75}},"3":{"start":{"line":16,"column":2},"end":{"line":16,"column":66}},"4":{"start":{"line":18,"column":2},"end":{"line":18,"column":56}},"5":{"start":{"line":21,"column":0},"end":{"line":21,"column":30}}},"fnMap":{"0":{"name":"errorHandler","decl":{"start":{"line":11,"column":9},"end":{"line":11,"column":21}},"loc":{"start":{"line":11,"column":43},"end":{"line":19,"column":1}},"line":11}},"branchMap":{"0":{"loc":{"start":{"line":12,"column":18},"end":{"line":12,"column":53}},"type":"binary-expr","locations":[{"start":{"line":12,"column":18},"end":{"line":12,"column":28}},{"start":{"line":12,"column":32},"end":{"line":12,"column":46}},{"start":{"line":12,"column":50},"end":{"line":12,"column":53}}],"line":12},"1":{"loc":{"start":{"line":13,"column":18},"end":{"line":13,"column":48}},"type":"binary-expr","locations":[{"start":{"line":13,"column":18},"end":{"line":13,"column":26}},{"start":{"line":13,"column":32},"end":{"line":13,"column":48}}],"line":13},"2":{"loc":{"start":{"line":14,"column":18},"end":{"line":14,"column":75}},"type":"cond-expr","locations":[{"start":{"line":14,"column":31},"end":{"line":14,"column":42}},{"start":{"line":14,"column":45},"end":{"line":14,"column":75}}],"line":14}},"s":{"0":1,"1":1,"2":1,"3":1,"4":1,"5":1},"f":{"0":1},"b":{"0":[1,1,1],"1":[1,1],"2":[0,1]},"_coverageSchema":"1a1c01bbd47fc00a2c39e90264f33305004495a9","hash":"b617b883c4dec3999dc0da4d2aebf3c9c13c03e1"}
,"C:\\Users\\Dhruv Patel\\Desktop\\GreenTrace\\api\\src\\routes\\health.js": {"path":"C:\\Users\\Dhruv Patel\\Desktop\\GreenTrace\\api\\src\\routes\\health.js","statementMap":{"0":{"start":{"line":3,"column":19},"end":{"line":3,"column":37}},"1":{"start":{"line":4,"column":24},"end":{"line":4,"column":55}},"2":{"start":{"line":6,"column":15},"end":{"line":6,"column":23}},"3":{"start":{"line":13,"column":0},"end":{"line":15,"column":3}},"4":{"start":{"line":14,"column":2},"end":{"line":14,"column":66}},"5":{"start":{"line":23,"column":0},"end":{"line":33,"column":3}},"6":{"start":{"line":24,"column":2},"end":{"line":32,"column":3}},"7":{"start":{"line":25,"column":19},"end":{"line":27,"column":6}},"8":{"start":{"line":28,"column":17},"end":{"line":28,"column":75}},"9":{"start":{"line":29,"column":4},"end":{"line":29,"column":47}},"10":{"start":{"line":31,"column":4},"end":{"line":31,"column":14}},"11":{"start":{"line":35,"column":0},"end":{"line":35,"column":24}}},"fnMap":{"0":{"name":"(anonymous_0)","decl":{"start":{"line":13,"column":16},"end":{"line":13,"column":17}},"loc":{"start":{"line":13,"column":31},"end":{"line":15,"column":1}},"line":13},"1":{"name":"(anonymous_1)","decl":{"start":{"line":23,"column":22},"end":{"line":23,"column":23}},"loc":{"start":{"line":23,"column":49},"end":{"line":33,"column":1}},"line":23}},"branchMap":{},"s":{"0":1,"1":1,"2":1,"3":1,"4":1,"5":1,"6":2,"7":2,"8":1,"9":1,"10":1,"11":1},"f":{"0":1,"1":2},"b":{},"_coverageSchema":"1a1c01bbd47fc00a2c39e90264f33305004495a9","hash":"335933200d1fe3215abb8e8a29397bcc32a13016"}
}
