TN:
SF:src\index.js
FN:25,(anonymous_0)
FNF:1
FNH:1
FNDA:1,(anonymous_0)
DA:3,1
DA:4,1
DA:5,1
DA:6,1
DA:7,1
DA:8,1
DA:9,1
DA:11,1
DA:14,1
DA:15,1
DA:16,1
DA:17,1
DA:20,1
DA:23,1
DA:25,1
DA:26,1
DA:29,1
LF:17
LH:17
BRF:0
BRH:0
end_of_record
TN:
SF:src\config\env.js
FNF:0
FNH:0
DA:3,1
DA:5,1
DA:14,1
DA:15,6
DA:16,0
DA:20,1
LF:6
LH:5
BRDA:15,0,0,0
BRDA:15,0,1,6
BRDA:27,1,0,1
BRDA:27,1,1,1
BRF:4
BRH:3
end_of_record
TN:
SF:src\middleware\errorHandler.js
FN:11,errorHandler
FNF:1
FNH:1
FNDA:1,errorHandler
DA:12,1
DA:13,1
DA:14,1
DA:16,1
DA:18,1
DA:21,1
LF:6
LH:6
BRDA:12,0,0,1
BRDA:12,0,1,1
BRDA:12,0,2,1
BRDA:13,1,0,1
BRDA:13,1,1,1
BRDA:14,2,0,0
BRDA:14,2,1,1
BRF:7
BRH:6
end_of_record
TN:
SF:src\routes\health.js
FN:13,(anonymous_0)
FN:23,(anonymous_1)
FNF:2
FNH:2
FNDA:1,(anonymous_0)
FNDA:2,(anonymous_1)
DA:3,1
DA:4,1
DA:6,1
DA:13,1
DA:14,1
DA:23,1
DA:24,2
DA:25,2
DA:28,1
DA:29,1
DA:31,1
DA:35,1
LF:12
LH:12
BRF:0
BRH:0
end_of_record
